androidFile/wenlaiwenqu/askToAsk/app/build/outputs/logs/manifest-merger-debug-report.txt
-- Merging decision tree log ---
manifest
ADDED from src\main\AndroidManifest.xml:2:1-398:12
	package
		ADDED from src\main\AndroidManifest.xml:3:5-38
		INJECTED from src\main\AndroidManifest.xml
		INJECTED from src\main\AndroidManifest.xml
	android:versionName
		INJECTED from src\main\AndroidManifest.xml
		INJECTED from src\main\AndroidManifest.xml
	android:versionCode
		ADDED from src\main\AndroidManifest.xml:4:5-30
		INJECTED from src\main\AndroidManifest.xml
		INJECTED from src\main\AndroidManifest.xml
	xmlns:android
		ADDED from src\main\AndroidManifest.xml:2:11-69
permission#com.lvshandian.asktoask.permission.JPUSH_MESSAGE
ADDED from src\main\AndroidManifest.xml:6:5-8:47
	android:protectionLevel
		ADDED from src\main\AndroidManifest.xml:8:9-44
	android:name
		ADDED from src\main\AndroidManifest.xml:7:9-72
uses-permission#android.permission.MOUNT_UNMOUNT_FILESYSTEMS
ADDED from src\main\AndroidManifest.xml:10:5-84
	android:name
		ADDED from src\main\AndroidManifest.xml:10:22-81
uses-permission#com.lvshandian.asktoask.permission.JPUSH_MESSAGE
ADDED from src\main\AndroidManifest.xml:11:5-88
	android:name
		ADDED from src\main\AndroidManifest.xml:11:22-85
uses-permission#android.permission.RECEIVE_USER_PRESENT
ADDED from src\main\AndroidManifest.xml:12:5-79
	android:name
		ADDED from src\main\AndroidManifest.xml:12:22-76
uses-permission#android.permission.WRITE_MEDIA_STORAGE
ADDED from src\main\AndroidManifest.xml:13:5-78
	android:name
		ADDED from src\main\AndroidManifest.xml:13:22-75
uses-permission#android.permission.INTERNET
ADDED from src\main\AndroidManifest.xml:14:5-67
	android:name
		ADDED from src\main\AndroidManifest.xml:14:22-64
uses-permission#android.permission.WAKE_LOCK
ADDED from src\main\AndroidManifest.xml:15:5-68
	android:name
		ADDED from src\main\AndroidManifest.xml:15:22-65
uses-permission#android.permission.READ_PHONE_STATE
ADDED from src\main\AndroidManifest.xml:16:5-75
	android:name
		ADDED from src\main\AndroidManifest.xml:16:22-72
uses-permission#android.permission.WRITE_EXTERNAL_STORAGE
ADDED from src\main\AndroidManifest.xml:17:5-81
	android:name
		ADDED from src\main\AndroidManifest.xml:17:22-78
uses-permission#android.permission.READ_EXTERNAL_STORAGE
ADDED from src\main\AndroidManifest.xml:18:5-80
	android:name
		ADDED from src\main\AndroidManifest.xml:18:22-77
uses-permission#android.permission.VIBRATE
ADDED from src\main\AndroidManifest.xml:19:5-66
	android:name
		ADDED from src\main\AndroidManifest.xml:19:22-63
uses-permission#android.permission.ACCESS_NETWORK_STATE
ADDED from src\main\AndroidManifest.xml:21:5-79
	android:name
		ADDED from src\main\AndroidManifest.xml:21:22-76
uses-permission#android.permission.WRITE_SETTINGS
ADDED from src\main\AndroidManifest.xml:22:5-73
	android:name
		ADDED from src\main\AndroidManifest.xml:22:22-70
uses-permission#android.permission.ACCESS_WIFI_STATE
ADDED from src\main\AndroidManifest.xml:23:5-76
	android:name
		ADDED from src\main\AndroidManifest.xml:23:22-73
uses-permission#android.permission.CAMERA
ADDED from src\main\AndroidManifest.xml:24:5-65
	android:name
		ADDED from src\main\AndroidManifest.xml:24:22-62
uses-permission#android.permission.GET_TASKS
ADDED from src\main\AndroidManifest.xml:27:5-68
	android:name
		ADDED from src\main\AndroidManifest.xml:27:22-65
uses-permission#android.permission.CHANGE_WIFI_STATE
ADDED from src\main\AndroidManifest.xml:31:5-76
	android:name
		ADDED from src\main\AndroidManifest.xml:31:22-73
uses-permission#android.permission.MANAGE_ACCOUNTS
ADDED from src\main\AndroidManifest.xml:34:5-74
	android:name
		ADDED from src\main\AndroidManifest.xml:34:22-71
uses-permission#android.permission.GET_ACCOUNTS
ADDED from src\main\AndroidManifest.xml:35:5-71
	android:name
		ADDED from src\main\AndroidManifest.xml:35:22-68
uses-permission#android.permission.RESTART_PACKAGES
ADDED from src\main\AndroidManifest.xml:36:5-75
	android:name
		ADDED from src\main\AndroidManifest.xml:36:22-72
application
ADDED from src\main\AndroidManifest.xml:44:5-397:19
MERGED from [com.android.support:design:23.3.0] AndroidManifest.xml:22:5-20
MERGED from [com.google.android.gms:play-services-appindexing:8.4.0] AndroidManifest.xml:19:5-20
MERGED from [com.google.android.gms:play-services-basement:8.4.0] AndroidManifest.xml:20:5-24:19
MERGED from [askToAsk:pulltorefresh:unspecified] AndroidManifest.xml:11:5-14:19
MERGED from [com.yanzhenjie:permission:1.0.3] AndroidManifest.xml:10:5-20
MERGED from [org.kymjs.kjframe:kjframe:2.6] AndroidManifest.xml:11:5-47
MERGED from [com.bm.photoview:library:1.4.1] AndroidManifest.xml:11:5-12:19
MERGED from [com.zhy:mpermission-api:1.0.0] AndroidManifest.xml:11:5-14:19
MERGED from [com.android.support:appcompat-v7:23.4.0] AndroidManifest.xml:25:5-20
MERGED from [com.android.support:animated-vector-drawable:23.4.0] AndroidManifest.xml:7:5-20
MERGED from [com.android.support:support-vector-drawable:23.4.0] AndroidManifest.xml:7:5-20
MERGED from [com.android.support:support-v4:24.2.1] AndroidManifest.xml:25:5-20
MERGED from [com.android.support:support-fragment:24.2.1] AndroidManifest.xml:25:5-20
MERGED from [com.android.support:support-media-compat:24.2.1] AndroidManifest.xml:25:5-20
MERGED from [com.android.support:support-core-ui:24.2.1] AndroidManifest.xml:25:5-20
MERGED from [com.android.support:support-core-utils:24.2.1] AndroidManifest.xml:25:5-20
MERGED from [com.android.support:support-compat:24.2.1] AndroidManifest.xml:25:5-20
	android:label
		ADDED from src\main\AndroidManifest.xml:48:9-41
	android:supportsRtl
		ADDED from src\main\AndroidManifest.xml:49:9-35
	android:allowBackup
		ADDED from src\main\AndroidManifest.xml:46:9-35
	android:icon
		ADDED from src\main\AndroidManifest.xml:47:9-42
	android:theme
		ADDED from src\main\AndroidManifest.xml:50:9-40
	android:name
		ADDED from src\main\AndroidManifest.xml:45:9-28
meta-data#AA_DB_NAME
ADDED from src\main\AndroidManifest.xml:51:9-53:43
	android:value
		ADDED from src\main\AndroidManifest.xml:53:13-40
	android:name
		ADDED from src\main\AndroidManifest.xml:52:13-38
meta-data#AA_DB_VERSION
ADDED from src\main\AndroidManifest.xml:54:9-56:33
	android:value
		ADDED from src\main\AndroidManifest.xml:56:13-30
	android:name
		ADDED from src\main\AndroidManifest.xml:55:13-41
activity#com.lvshandian.asktoask.module.login.LoginActivity
ADDED from src\main\AndroidManifest.xml:58:9-60:55
	android:launchMode
		ADDED from src\main\AndroidManifest.xml:60:13-43
	android:name
		ADDED from src\main\AndroidManifest.xml:59:13-78
activity#com.king.photo.activity.GalleryActivity
ADDED from src\main\AndroidManifest.xml:61:9-63:51
	android:launchMode
		ADDED from src\main\AndroidManifest.xml:63:13-48
	android:name
		ADDED from src\main\AndroidManifest.xml:62:13-67
activity#com.king.photo.activity.AlbumActivity
ADDED from src\main\AndroidManifest.xml:64:9-74
	android:name
		ADDED from src\main\AndroidManifest.xml:64:19-71
activity#com.lvshandian.asktoask.module.interaction.GuidActivity
ADDED from src\main\AndroidManifest.xml:66:9-69
	android:name
		ADDED from src\main\AndroidManifest.xml:66:19-66
activity#com.lvshandian.asktoask.module.interaction.StartActivity
ADDED from src\main\AndroidManifest.xml:68:9-70
	android:name
		ADDED from src\main\AndroidManifest.xml:68:19-67
activity#com.lvshandian.asktoask.module.interaction.activity.HuPicLunBoActivity
ADDED from src\main\AndroidManifest.xml:70:9-107
	android:name
		ADDED from src\main\AndroidManifest.xml:70:19-104
activity#com.lvshandian.asktoask.MainActivity
ADDED from src\main\AndroidManifest.xml:71:9-78:20
	android:launchMode
		ADDED from src\main\AndroidManifest.xml:73:13-43
	android:name
		ADDED from src\main\AndroidManifest.xml:72:13-41
intent-filter#android.intent.action.MAIN+android.intent.category.LAUNCHER
ADDED from src\main\AndroidManifest.xml:74:13-77:29
action#android.intent.action.MAIN
ADDED from src\main\AndroidManifest.xml:75:17-69
	android:name
		ADDED from src\main\AndroidManifest.xml:75:25-66
category#android.intent.category.LAUNCHER
ADDED from src\main\AndroidManifest.xml:76:17-77
	android:name
		ADDED from src\main\AndroidManifest.xml:76:27-74
activity#com.lvshandian.asktoask.module.interaction.activity.HuDongSearchActivity
ADDED from src\main\AndroidManifest.xml:79:9-86
	android:name
		ADDED from src\main\AndroidManifest.xml:79:19-83
activity#com.lvshandian.asktoask.module.login.registerActivity
ADDED from src\main\AndroidManifest.xml:80:9-82:46
	android:launchMode
		ADDED from src\main\AndroidManifest.xml:82:13-43
	android:name
		ADDED from src\main\AndroidManifest.xml:81:13-58
activity#com.lvshandian.asktoask.module.setting.SettingActivity
ADDED from src\main\AndroidManifest.xml:83:9-85:46
	android:launchMode
		ADDED from src\main\AndroidManifest.xml:85:13-43
	android:name
		ADDED from src\main\AndroidManifest.xml:84:13-59
activity#com.lvshandian.asktoask.module.setting.OpinionBackActivity
ADDED from src\main\AndroidManifest.xml:86:9-88:46
	android:launchMode
		ADDED from src\main\AndroidManifest.xml:88:13-43
	android:name
		ADDED from src\main\AndroidManifest.xml:87:13-63
activity#com.lvshandian.asktoask.module.login.ForgetPasswordActivity
ADDED from src\main\AndroidManifest.xml:89:9-91:46
	android:launchMode
		ADDED from src\main\AndroidManifest.xml:91:13-43
	android:name
		ADDED from src\main\AndroidManifest.xml:90:13-64
activity#com.lvshandian.asktoask.module.setting.ChangePassWordActivity
ADDED from src\main\AndroidManifest.xml:92:9-94:46
	android:launchMode
		ADDED from src\main\AndroidManifest.xml:94:13-43
	android:name
		ADDED from src\main\AndroidManifest.xml:93:13-66
activity#com.lvshandian.asktoask.module.setting.ChangePhoneNumActivity
ADDED from src\main\AndroidManifest.xml:95:9-97:46
	android:launchMode
		ADDED from src\main\AndroidManifest.xml:97:13-43
	android:name
		ADDED from src\main\AndroidManifest.xml:96:13-66
activity#com.lvshandian.asktoask.module.setting.AreaActivity
ADDED from src\main\AndroidManifest.xml:98:9-100:46
	android:launchMode
		ADDED from src\main\AndroidManifest.xml:100:13-43
	android:name
		ADDED from src\main\AndroidManifest.xml:99:13-56
activity#com.lvshandian.asktoask.module.user.activity.WithDrawActivity
ADDED from src\main\AndroidManifest.xml:101:9-104:71
	android:launchMode
		ADDED from src\main\AndroidManifest.xml:103:13-43
	android:windowSoftInputMode
		ADDED from src\main\AndroidManifest.xml:104:13-68
	android:name
		ADDED from src\main\AndroidManifest.xml:102:13-66
activity#com.lvshandian.asktoask.module.setting.CouponActivity
ADDED from src\main\AndroidManifest.xml:105:9-107:46
	android:launchMode
		ADDED from src\main\AndroidManifest.xml:107:13-43
	android:name
		ADDED from src\main\AndroidManifest.xml:106:13-58
activity#com.lvshandian.asktoask.module.setting.PersonalInfoActivity
ADDED from src\main\AndroidManifest.xml:108:9-110:46
	android:launchMode
		ADDED from src\main\AndroidManifest.xml:110:13-43
	android:name
		ADDED from src\main\AndroidManifest.xml:109:13-64
activity#com.lvshandian.asktoask.module.setting.UserAgreementActivity
ADDED from src\main\AndroidManifest.xml:111:9-113:46
	android:launchMode
		ADDED from src\main\AndroidManifest.xml:113:13-43
	android:name
		ADDED from src\main\AndroidManifest.xml:112:13-65
activity#com.lvshandian.asktoask.module.setting.InviteFridndsActivity
ADDED from src\main\AndroidManifest.xml:114:9-116:46
	android:launchMode
		ADDED from src\main\AndroidManifest.xml:116:13-43
	android:name
		ADDED from src\main\AndroidManifest.xml:115:13-65
activity#com.lvshandian.asktoask.module.user.activity.MineRewardActivity
ADDED from src\main\AndroidManifest.xml:117:9-119:46
	android:launchMode
		ADDED from src\main\AndroidManifest.xml:119:13-43
	android:name
		ADDED from src\main\AndroidManifest.xml:118:13-68
activity#com.lvshandian.asktoask.module.setting.ChangePersonalInfoActivity
ADDED from src\main\AndroidManifest.xml:120:9-122:46
	android:launchMode
		ADDED from src\main\AndroidManifest.xml:122:13-43
	android:name
		ADDED from src\main\AndroidManifest.xml:121:13-70
activity#com.lvshandian.asktoask.module.interaction.activity.HuDongQuestTypeActivity
ADDED from src\main\AndroidManifest.xml:124:9-112
	android:name
		ADDED from src\main\AndroidManifest.xml:124:19-109
activity#com.lvshandian.asktoask.module.interaction.activity.HuDongDetailActivity
ADDED from src\main\AndroidManifest.xml:126:9-128:55
	android:windowSoftInputMode
		ADDED from src\main\AndroidManifest.xml:128:13-52
	android:name
		ADDED from src\main\AndroidManifest.xml:127:13-100
activity#com.lvshandian.asktoask.acp.AcpActivity
ADDED from src\main\AndroidManifest.xml:129:9-131:47
	android:launchMode
		ADDED from src\main\AndroidManifest.xml:131:13-44
	android:name
		ADDED from src\main\AndroidManifest.xml:130:13-44
activity#com.lvshandian.asktoask.module.answer.activity.AnswerApproveActivity
ADDED from src\main\AndroidManifest.xml:133:9-136:46
	android:hardwareAccelerated
		ADDED from src\main\AndroidManifest.xml:135:13-48
	android:launchMode
		ADDED from src\main\AndroidManifest.xml:136:13-43
	android:name
		ADDED from src\main\AndroidManifest.xml:134:13-96
activity#com.lvshandian.asktoask.module.answer.activity.AnswerApproveJobActivity
ADDED from src\main\AndroidManifest.xml:138:9-108
	android:name
		ADDED from src\main\AndroidManifest.xml:138:19-105
activity#com.lvshandian.asktoask.module.answer.activity.ApproveClassActivity
ADDED from src\main\AndroidManifest.xml:141:9-104
	android:name
		ADDED from src\main\AndroidManifest.xml:141:19-101
activity#com.lvshandian.asktoask.module.answer.activity.ApproveSchoolActivity
ADDED from src\main\AndroidManifest.xml:144:9-105
	android:name
		ADDED from src\main\AndroidManifest.xml:144:19-102
activity#com.lvshandian.asktoask.module.answer.activity.ApproveLifePhotoActivity
ADDED from src\main\AndroidManifest.xml:146:9-108
	android:name
		ADDED from src\main\AndroidManifest.xml:146:19-105
activity#com.lvshandian.asktoask.module.answer.activity.AnserSearchActivity
ADDED from src\main\AndroidManifest.xml:148:9-103
	android:name
		ADDED from src\main\AndroidManifest.xml:148:19-100
activity#com.lvshandian.asktoask.module.answer.activity.AnswerDetailActivity
ADDED from src\main\AndroidManifest.xml:150:9-152:45
	android:launchMode
		ADDED from src\main\AndroidManifest.xml:152:13-42
	android:name
		ADDED from src\main\AndroidManifest.xml:151:13-72
activity#com.lvshandian.asktoask.module.answer.activity.AnswerIdCardActivity
ADDED from src\main\AndroidManifest.xml:155:9-104
	android:name
		ADDED from src\main\AndroidManifest.xml:155:19-101
activity#com.lvshandian.asktoask.module.answer.activity.AnswerSelectSchoolActivity
ADDED from src\main\AndroidManifest.xml:157:9-87
	android:name
		ADDED from src\main\AndroidManifest.xml:157:19-84
activity#com.lvshandian.asktoask.module.answer.activity.ApproveStudentZhengActivity
ADDED from src\main\AndroidManifest.xml:159:9-88
	android:name
		ADDED from src\main\AndroidManifest.xml:159:19-85
activity#com.lvshandian.asktoask.module.postquestion.PostQuestionActivity
ADDED from src\main\AndroidManifest.xml:161:9-164:73
	android:launchMode
		ADDED from src\main\AndroidManifest.xml:163:13-44
	android:windowSoftInputMode
		ADDED from src\main\AndroidManifest.xml:164:13-70
	android:name
		ADDED from src\main\AndroidManifest.xml:162:13-69
activity#com.lvshandian.asktoask.module.postquestion.CouponActivity
ADDED from src\main\AndroidManifest.xml:166:9-95
	android:name
		ADDED from src\main\AndroidManifest.xml:166:19-92
activity#com.lvshandian.asktoask.module.answer.activity.AnswerLeaveWordsActivity
ADDED from src\main\AndroidManifest.xml:168:9-108
	android:name
		ADDED from src\main\AndroidManifest.xml:168:19-105
activity#com.lvshandian.asktoask.module.answer.activity.AnswerSelectAddressActivity
ADDED from src\main\AndroidManifest.xml:171:9-111
	android:name
		ADDED from src\main\AndroidManifest.xml:171:19-108
activity#com.lvshandian.asktoask.module.postquestion.pic.ImageGridActivity
ADDED from src\main\AndroidManifest.xml:173:9-175:72
	android:theme
		ADDED from src\main\AndroidManifest.xml:175:13-60
	android:name
		ADDED from src\main\AndroidManifest.xml:174:13-93
activity#com.lvshandian.asktoask.module.postquestion.pic.TestPicActivity
ADDED from src\main\AndroidManifest.xml:176:9-179:72
	android:configChanges
		ADDED from src\main\AndroidManifest.xml:178:13-63
	android:theme
		ADDED from src\main\AndroidManifest.xml:179:13-60
	android:name
		ADDED from src\main\AndroidManifest.xml:177:13-91
activity#com.lvshandian.asktoask.module.postquestion.pic.PhotoActivity
ADDED from src\main\AndroidManifest.xml:180:9-182:72
	android:theme
		ADDED from src\main\AndroidManifest.xml:182:13-60
	android:name
		ADDED from src\main\AndroidManifest.xml:181:13-89
activity#com.lvshandian.asktoask.module.message.InstationDetailsActivity
ADDED from src\main\AndroidManifest.xml:184:9-186:46
	android:launchMode
		ADDED from src\main\AndroidManifest.xml:186:13-43
	android:name
		ADDED from src\main\AndroidManifest.xml:185:13-68
activity#com.lvshandian.asktoask.module.user.activity.UserAnswerListActivity
ADDED from src\main\AndroidManifest.xml:187:9-189:46
	android:launchMode
		ADDED from src\main\AndroidManifest.xml:189:13-43
	android:name
		ADDED from src\main\AndroidManifest.xml:188:13-72
activity#com.lvshandian.asktoask.module.user.activity.UserAttentionListActivity
ADDED from src\main\AndroidManifest.xml:190:9-192:46
	android:launchMode
		ADDED from src\main\AndroidManifest.xml:192:13-43
	android:name
		ADDED from src\main\AndroidManifest.xml:191:13-75
activity#com.lvshandian.asktoask.module.user.activity.UserCollectActivity
ADDED from src\main\AndroidManifest.xml:193:9-195:46
	android:launchMode
		ADDED from src\main\AndroidManifest.xml:195:13-43
	android:name
		ADDED from src\main\AndroidManifest.xml:194:13-69
activity#com.lvshandian.asktoask.module.user.activity.UserFansListActivity
ADDED from src\main\AndroidManifest.xml:196:9-198:46
	android:launchMode
		ADDED from src\main\AndroidManifest.xml:198:13-43
	android:name
		ADDED from src\main\AndroidManifest.xml:197:13-70
activity#com.lvshandian.asktoask.module.user.activity.UserQuizListActivity
ADDED from src\main\AndroidManifest.xml:199:9-201:46
	android:launchMode
		ADDED from src\main\AndroidManifest.xml:201:13-43
	android:name
		ADDED from src\main\AndroidManifest.xml:200:13-70
activity#com.lvshandian.asktoask.module.message.MessageDetailsActivity
ADDED from src\main\AndroidManifest.xml:202:9-206:70
	android:launchMode
		ADDED from src\main\AndroidManifest.xml:205:13-43
	android:windowSoftInputMode
		ADDED from src\main\AndroidManifest.xml:206:13-67
	android:name
		ADDED from src\main\AndroidManifest.xml:203:13-66
activity#com.lvshandian.asktoask.module.user.activity.QuzaDetailsActivity
ADDED from src\main\AndroidManifest.xml:207:9-209:46
	android:launchMode
		ADDED from src\main\AndroidManifest.xml:209:13-43
	android:name
		ADDED from src\main\AndroidManifest.xml:208:13-69
activity#com.lvshandian.asktoask.module.user.activity.FansAnswerDetailActivity
ADDED from src\main\AndroidManifest.xml:210:9-212:46
	android:launchMode
		ADDED from src\main\AndroidManifest.xml:212:13-43
	android:name
		ADDED from src\main\AndroidManifest.xml:211:13-74
activity#com.lvshandian.asktoask.module.user.activity.AttentionDetailActivity
ADDED from src\main\AndroidManifest.xml:213:9-215:46
	android:launchMode
		ADDED from src\main\AndroidManifest.xml:215:13-43
	android:name
		ADDED from src\main\AndroidManifest.xml:214:13-73
activity#com.lvshandian.asktoask.module.user.activity.LeaveMessageActivity
ADDED from src\main\AndroidManifest.xml:216:9-219:58
	android:launchMode
		ADDED from src\main\AndroidManifest.xml:218:13-43
	android:windowSoftInputMode
		ADDED from src\main\AndroidManifest.xml:219:13-55
	android:name
		ADDED from src\main\AndroidManifest.xml:217:13-70
activity#com.lvshandian.asktoask.module.user.activity.UserAnswerDatailsActivity
ADDED from src\main\AndroidManifest.xml:221:9-224:70
	android:launchMode
		ADDED from src\main\AndroidManifest.xml:223:13-43
	android:windowSoftInputMode
		ADDED from src\main\AndroidManifest.xml:224:13-67
	android:name
		ADDED from src\main\AndroidManifest.xml:222:13-75
activity#com.lvshandian.asktoask.module.message.LeaveListMEActivity
ADDED from src\main\AndroidManifest.xml:227:9-95
	android:name
		ADDED from src\main\AndroidManifest.xml:227:19-92
activity#com.lvshandian.asktoask.module.postquestion.PostQuestionPayActivity
ADDED from src\main\AndroidManifest.xml:228:9-104
	android:name
		ADDED from src\main\AndroidManifest.xml:228:19-101
activity#com.lvshandian.asktoask.pay.PayDemoActivity
ADDED from src\main\AndroidManifest.xml:230:9-80
	android:name
		ADDED from src\main\AndroidManifest.xml:230:19-77
activity#com.mob.tools.MobUIShell
ADDED from src\main\AndroidManifest.xml:231:9-250:20
	android:screenOrientation
		ADDED from src\main\AndroidManifest.xml:234:13-49
	android:windowSoftInputMode
		ADDED from src\main\AndroidManifest.xml:236:13-67
	android:configChanges
		ADDED from src\main\AndroidManifest.xml:233:13-74
	android:theme
		ADDED from src\main\AndroidManifest.xml:235:13-72
	android:name
		ADDED from src\main\AndroidManifest.xml:232:13-52
intent-filter#android.intent.action.VIEW+android.intent.category.BROWSABLE+android.intent.category.DEFAULT
ADDED from src\main\AndroidManifest.xml:238:13-244:29
data
ADDED from src\main\AndroidManifest.xml:239:17-60
	android:scheme
		ADDED from src\main\AndroidManifest.xml:239:23-57
action#android.intent.action.VIEW
ADDED from src\main\AndroidManifest.xml:240:17-69
	android:name
		ADDED from src\main\AndroidManifest.xml:240:25-66
category#android.intent.category.BROWSABLE
ADDED from src\main\AndroidManifest.xml:242:17-78
	android:name
		ADDED from src\main\AndroidManifest.xml:242:27-75
category#android.intent.category.DEFAULT
ADDED from src\main\AndroidManifest.xml:243:17-76
	android:name
		ADDED from src\main\AndroidManifest.xml:243:27-73
intent-filter#android.intent.category.DEFAULT+com.sina.weibo.sdk.action.ACTION_SDK_REQ_ACTIVITY
ADDED from src\main\AndroidManifest.xml:246:13-249:29
action#com.sina.weibo.sdk.action.ACTION_SDK_REQ_ACTIVITY
ADDED from src\main\AndroidManifest.xml:247:17-92
	android:name
		ADDED from src\main\AndroidManifest.xml:247:25-89
activity#com.lvshandian.asktoask.wxapi.WXEntryActivity
ADDED from src\main\AndroidManifest.xml:253:9-258:75
	android:screenOrientation
		ADDED from src\main\AndroidManifest.xml:257:13-49
	android:exported
		ADDED from src\main\AndroidManifest.xml:256:13-36
	android:configChanges
		ADDED from src\main\AndroidManifest.xml:255:13-74
	android:theme
		ADDED from src\main\AndroidManifest.xml:258:13-72
	android:name
		ADDED from src\main\AndroidManifest.xml:254:13-50
meta-data#com.google.android.gms.version
ADDED from src\main\AndroidManifest.xml:260:9-262:69
MERGED from [com.google.android.gms:play-services-basement:8.4.0] AndroidManifest.xml:21:9-23:69
	android:value
		ADDED from src\main\AndroidManifest.xml:262:13-66
	android:name
		ADDED from src\main\AndroidManifest.xml:261:13-58
activity#cn.jpush.android.ui.PopWinActivity
ADDED from src\main\AndroidManifest.xml:267:9-270:52
	android:exported
		ADDED from src\main\AndroidManifest.xml:269:13-37
	android:theme
		ADDED from src\main\AndroidManifest.xml:270:13-49
	android:name
		ADDED from src\main\AndroidManifest.xml:268:13-62
activity#com.lvshandian.asktoask.wxapi.WXPayEntryActivity
ADDED from src\main\AndroidManifest.xml:273:9-277:69
	android:launchMode
		ADDED from src\main\AndroidManifest.xml:276:13-43
	android:exported
		ADDED from src\main\AndroidManifest.xml:275:13-36
	android:theme
		ADDED from src\main\AndroidManifest.xml:277:13-66
	android:name
		ADDED from src\main\AndroidManifest.xml:274:13-53
activity#cn.jpush.android.ui.PushActivity
ADDED from src\main\AndroidManifest.xml:281:9-292:20
	android:exported
		ADDED from src\main\AndroidManifest.xml:284:13-37
	android:configChanges
		ADDED from src\main\AndroidManifest.xml:283:13-63
	android:theme
		ADDED from src\main\AndroidManifest.xml:285:13-60
	android:name
		ADDED from src\main\AndroidManifest.xml:282:13-60
intent-filter#android.intent.category.DEFAULT+cn.jpush.android.ui.PushActivity+com.lvshandian.asktoask
ADDED from src\main\AndroidManifest.xml:286:13-291:29
action#cn.jpush.android.ui.PushActivity
ADDED from src\main\AndroidManifest.xml:287:17-75
	android:name
		ADDED from src\main\AndroidManifest.xml:287:25-72
category#com.lvshandian.asktoask
ADDED from src\main\AndroidManifest.xml:290:17-68
	android:name
		ADDED from src\main\AndroidManifest.xml:290:27-65
activity#com.lvshandian.asktoask.TestActivity
ADDED from src\main\AndroidManifest.xml:294:9-299:20
	android:name
		ADDED from src\main\AndroidManifest.xml:294:19-47
intent-filter#jpush.testAction+jpush.testCategory
ADDED from src\main\AndroidManifest.xml:295:13-298:29
action#jpush.testAction
ADDED from src\main\AndroidManifest.xml:296:17-59
	android:name
		ADDED from src\main\AndroidManifest.xml:296:25-56
category#jpush.testCategory
ADDED from src\main\AndroidManifest.xml:297:17-63
	android:name
		ADDED from src\main\AndroidManifest.xml:297:27-60
service#cn.jpush.android.service.DownloadService
ADDED from src\main\AndroidManifest.xml:301:9-304:40
	android:enabled
		ADDED from src\main\AndroidManifest.xml:303:13-35
	android:exported
		ADDED from src\main\AndroidManifest.xml:304:13-37
	android:name
		ADDED from src\main\AndroidManifest.xml:302:13-68
service#cn.jpush.android.service.PushService
ADDED from src\main\AndroidManifest.xml:308:9-318:19
	android:enabled
		ADDED from src\main\AndroidManifest.xml:310:13-35
	android:exported
		ADDED from src\main\AndroidManifest.xml:311:13-37
	android:name
		ADDED from src\main\AndroidManifest.xml:309:13-64
intent-filter#cn.jpush.android.intent.PUSH_TIME+cn.jpush.android.intent.PushService+cn.jpush.android.intent.REGISTER+cn.jpush.android.intent.REPORT
ADDED from src\main\AndroidManifest.xml:312:13-317:29
action#cn.jpush.android.intent.REGISTER
ADDED from src\main\AndroidManifest.xml:313:17-75
	android:name
		ADDED from src\main\AndroidManifest.xml:313:25-72
action#cn.jpush.android.intent.REPORT
ADDED from src\main\AndroidManifest.xml:314:17-73
	android:name
		ADDED from src\main\AndroidManifest.xml:314:25-70
action#cn.jpush.android.intent.PushService
ADDED from src\main\AndroidManifest.xml:315:17-78
	android:name
		ADDED from src\main\AndroidManifest.xml:315:25-75
action#cn.jpush.android.intent.PUSH_TIME
ADDED from src\main\AndroidManifest.xml:316:17-76
	android:name
		ADDED from src\main\AndroidManifest.xml:316:25-73
service#cn.jpush.android.service.DaemonService
ADDED from src\main\AndroidManifest.xml:322:9-331:19
	android:enabled
		ADDED from src\main\AndroidManifest.xml:324:13-35
	android:exported
		ADDED from src\main\AndroidManifest.xml:325:13-36
	android:name
		ADDED from src\main\AndroidManifest.xml:323:13-66
intent-filter#cn.jpush.android.intent.DaemonService+com.lvshandian.asktoask
ADDED from src\main\AndroidManifest.xml:326:13-330:29
action#cn.jpush.android.intent.DaemonService
ADDED from src\main\AndroidManifest.xml:327:17-80
	android:name
		ADDED from src\main\AndroidManifest.xml:327:25-77
receiver#cn.jpush.android.service.PushReceiver
ADDED from src\main\AndroidManifest.xml:335:9-355:20
	android:enabled
		ADDED from src\main\AndroidManifest.xml:337:13-35
	android:exported
		ADDED from src\main\AndroidManifest.xml:338:13-37
	android:name
		ADDED from src\main\AndroidManifest.xml:336:13-65
intent-filter#cn.jpush.android.intent.NOTIFICATION_RECEIVED_PROXY+com.lvshandian.asktoask
ADDED from src\main\AndroidManifest.xml:339:13-343:29
	android:priority
		ADDED from src\main\AndroidManifest.xml:339:28-51
action#cn.jpush.android.intent.NOTIFICATION_RECEIVED_PROXY
ADDED from src\main\AndroidManifest.xml:340:17-94
	android:name
		ADDED from src\main\AndroidManifest.xml:340:25-91
intent-filter#android.intent.action.USER_PRESENT+android.net.conn.CONNECTIVITY_CHANGE
ADDED from src\main\AndroidManifest.xml:344:13-347:29
action#android.intent.action.USER_PRESENT
ADDED from src\main\AndroidManifest.xml:345:17-77
	android:name
		ADDED from src\main\AndroidManifest.xml:345:25-74
action#android.net.conn.CONNECTIVITY_CHANGE
ADDED from src\main\AndroidManifest.xml:346:17-79
	android:name
		ADDED from src\main\AndroidManifest.xml:346:25-76
intent-filter#android.intent.action.PACKAGE_ADDED+android.intent.action.PACKAGE_REMOVED
ADDED from src\main\AndroidManifest.xml:349:13-354:29
action#android.intent.action.PACKAGE_ADDED
ADDED from src\main\AndroidManifest.xml:350:17-78
	android:name
		ADDED from src\main\AndroidManifest.xml:350:25-75
action#android.intent.action.PACKAGE_REMOVED
ADDED from src\main\AndroidManifest.xml:351:17-80
	android:name
		ADDED from src\main\AndroidManifest.xml:351:25-77
receiver#cn.jpush.android.service.AlarmReceiver
ADDED from src\main\AndroidManifest.xml:358:9-360:40
	android:exported
		ADDED from src\main\AndroidManifest.xml:360:13-37
	android:name
		ADDED from src\main\AndroidManifest.xml:359:13-66
receiver#com.lvshandian.asktoask.receiver.JpushReceiver
ADDED from src\main\AndroidManifest.xml:363:9-382:20
	android:enabled
		ADDED from src\main\AndroidManifest.xml:365:13-35
	android:exported
		ADDED from src\main\AndroidManifest.xml:366:13-37
	android:name
		ADDED from src\main\AndroidManifest.xml:364:13-51
intent-filter#cn.jpush.android.intent.ACTION_RICHPUSH_CALLBACK+cn.jpush.android.intent.CONNECTION+cn.jpush.android.intent.MESSAGE_RECEIVED+cn.jpush.android.intent.NOTIFICATION_OPENED+cn.jpush.android.intent.NOTIFICATION_RECEIVED+cn.jpush.android.intent.REGISTRATION+com.lvshandian.asktoask
ADDED from src\main\AndroidManifest.xml:367:13-381:29
action#cn.jpush.android.intent.REGISTRATION
ADDED from src\main\AndroidManifest.xml:368:17-79
	android:name
		ADDED from src\main\AndroidManifest.xml:368:25-76
action#cn.jpush.android.intent.MESSAGE_RECEIVED
ADDED from src\main\AndroidManifest.xml:370:17-83
	android:name
		ADDED from src\main\AndroidManifest.xml:370:25-80
action#cn.jpush.android.intent.NOTIFICATION_RECEIVED